<?xml version="1.0" encoding="UTF-8"?>
<!-- Generated by org.testng.reporters.JUnitReportReporter -->
<testsuite hostname="lil" failures="0" tests="1" name="NEW2" time="37.033" errors="0" timestamp="2023-05-03T16:12:40 IST" skipped="0">
  <testcase classname="NEW2" name="Test1" time="37.033"/>
  <system-out/>
</testsuite> <!-- NEW2 -->
